Arguments: 
  C:\Program Files\nodejs\node.exe C:\Users\Hmdn\AppData\Roaming\npm\node_modules\yarn\bin\yarn.js install

PATH: 
  C:\WINDOWS\system32;C:\WINDOWS;C:\WINDOWS\System32\Wbem;C:\WINDOWS\System32\WindowsPowerShell\v1.0\;C:\WINDOWS\System32\OpenSSH\;C:\Program Files\Git\cmd;C:\Program Files\nodejs\;C:\Users\Hmdn\AppData\Local\Microsoft\WindowsApps;;C:\Users\Hmdn\AppData\Local\Programs\Microsoft VS Code\bin;C:\Users\Hmdn\AppData\Roaming\npm

Yarn version: 
  1.22.19

Node version: 
  16.15.1

Platform: 
  win32 x64

Trace: 
  Error: getaddrinfo ENOTFOUND registry.npmjs.org
      at GetAddrInfoReqWrap.onlookup [as oncomplete] (node:dns:71:26)

npm manifest: 
  {
    "name": "obs",
    "version": "0.1.0",
    "private": true,
    "scripts": {
      "dev": "next dev",
      "build": "next build",
      "start": "next start",
      "lint": "next lint"
    },
    "dependencies": {
      "axios": "^0.27.2",
      "framer-motion": "^6.3.16",
      "next": "^12.2.1-canary.3",
      "react": "18.1.0",
      "react-dom": "18.1.0",
      "react-responsive-carousel": "^3.2.23",
      "sass": "^1.52.2",
      "sharp": "^0.30.7"
    },
    "devDependencies": {
      "@swc/cli": "^0.1.57",
      "@swc/core": "^1.2.210",
      "eslint": "8.17.0",
      "eslint-config-next": "12.1.6"
    }
  }

yarn manifest: 
  No manifest

Lockfile: 
  No lockfile
